<?xml version="1.0" encoding="UTF-8"?>
<coverage generated="1770715680327" clover="3.2.0">
  <project timestamp="1770715680327" name="All files">
    <metrics statements="20" coveredstatements="19" conditionals="10" coveredconditionals="6" methods="12" coveredmethods="11" elements="42" coveredelements="36" complexity="0" loc="20" ncloc="20" packages="1" files="1" classes="1"/>
    <file name="page.tsx" path="C:\Users\krish.patel\Desktop\intern\npm-prac\sonar-frontend\next-todo-list\app\page.tsx">
      <metrics statements="20" coveredstatements="19" conditionals="10" coveredconditionals="6" methods="12" coveredmethods="11"/>
      <line num="3" count="1" type="stmt"/>
      <line num="11" count="1" type="stmt"/>
      <line num="12" count="12" type="stmt"/>
      <line num="13" count="12" type="stmt"/>
      <line num="15" count="12" type="stmt"/>
      <line num="16" count="3" type="cond" truecount="1" falsecount="1"/>
      <line num="17" count="3" type="stmt"/>
      <line num="18" count="3" type="stmt"/>
      <line num="22" count="12" type="stmt"/>
      <line num="23" count="1" type="stmt"/>
      <line num="24" count="1" type="cond" truecount="1" falsecount="1"/>
      <line num="28" count="12" type="stmt"/>
      <line num="29" count="1" type="stmt"/>
      <line num="32" count="12" type="stmt"/>
      <line num="44" count="3" type="stmt"/>
      <line num="45" count="0" type="cond" truecount="0" falsecount="2"/>
      <line num="64" count="4" type="stmt"/>
      <line num="72" count="1" type="stmt"/>
      <line num="84" count="1" type="stmt"/>
      <line num="97" count="4" type="stmt"/>
    </file>
  </project>
</coverage>
