{"C:\\Users\\krish.patel\\Desktop\\intern\\npm-prac\\sonar-frontend\\next-todo-list\\app\\page.tsx": {"path":"C:\\Users\\krish.patel\\Desktop\\intern\\npm-prac\\sonar-frontend\\next-todo-list\\app\\page.tsx","statementMap":{"0":{"start":{"line":11,"column":0},"end":{"line":11,"column":24}},"1":{"start":{"line":3,"column":0},"end":{"line":3,"column":33}},"2":{"start":{"line":12,"column":28},"end":{"line":12,"column":48}},"3":{"start":{"line":13,"column":28},"end":{"line":13,"column":40}},"4":{"start":{"line":15,"column":18},"end":{"line":20,"column":3}},"5":{"start":{"line":16,"column":4},"end":{"line":19,"column":5}},"6":{"start":{"line":17,"column":6},"end":{"line":17,"column":78}},"7":{"start":{"line":18,"column":6},"end":{"line":18,"column":19}},"8":{"start":{"line":22,"column":21},"end":{"line":26,"column":3}},"9":{"start":{"line":23,"column":4},"end":{"line":25,"column":7}},"10":{"start":{"line":24,"column":6},"end":{"line":24,"column":69}},"11":{"start":{"line":28,"column":21},"end":{"line":30,"column":3}},"12":{"start":{"line":29,"column":4},"end":{"line":29,"column":51}},"13":{"start":{"line":29,"column":34},"end":{"line":29,"column":48}},"14":{"start":{"line":32,"column":2},"end":{"line":107,"column":4}},"15":{"start":{"line":44,"column":31},"end":{"line":44,"column":55}},"16":{"start":{"line":45,"column":33},"end":{"line":45,"column":63}},"17":{"start":{"line":64,"column":16},"end":{"line":65,"column":null}},"18":{"start":{"line":72,"column":36},"end":{"line":72,"column":55}},"19":{"start":{"line":84,"column":35},"end":{"line":84,"column":54}},"20":{"start":{"line":97,"column":68},"end":{"line":97,"column":79}}},"fnMap":{"0":{"name":"Home","decl":{"start":{"line":11,"column":24},"end":{"line":11,"column":28}},"loc":{"start":{"line":11,"column":28},"end":{"line":108,"column":1}}},"1":{"name":"(anonymous_1)","decl":{"start":{"line":15,"column":18},"end":{"line":15,"column":21}},"loc":{"start":{"line":15,"column":23},"end":{"line":20,"column":3}}},"2":{"name":"(anonymous_2)","decl":{"start":{"line":22,"column":21},"end":{"line":22,"column":22}},"loc":{"start":{"line":22,"column":36},"end":{"line":26,"column":3}}},"3":{"name":"(anonymous_3)","decl":{"start":{"line":23,"column":23},"end":{"line":23,"column":27}},"loc":{"start":{"line":24,"column":6},"end":{"line":24,"column":69}}},"4":{"name":"(anonymous_4)","decl":{"start":{"line":28,"column":21},"end":{"line":28,"column":22}},"loc":{"start":{"line":28,"column":36},"end":{"line":30,"column":3}}},"5":{"name":"(anonymous_5)","decl":{"start":{"line":29,"column":26},"end":{"line":29,"column":30}},"loc":{"start":{"line":29,"column":34},"end":{"line":29,"column":48}}},"6":{"name":"(anonymous_6)","decl":{"start":{"line":44,"column":24},"end":{"line":44,"column":25}},"loc":{"start":{"line":44,"column":31},"end":{"line":44,"column":55}}},"7":{"name":"(anonymous_7)","decl":{"start":{"line":45,"column":26},"end":{"line":45,"column":27}},"loc":{"start":{"line":45,"column":33},"end":{"line":45,"column":63}}},"8":{"name":"(anonymous_8)","decl":{"start":{"line":63,"column":24},"end":{"line":63,"column":28}},"loc":{"start":{"line":64,"column":16},"end":{"line":65,"column":null}}},"9":{"name":"(anonymous_9)","decl":{"start":{"line":72,"column":30},"end":{"line":72,"column":33}},"loc":{"start":{"line":72,"column":36},"end":{"line":72,"column":55}}},"10":{"name":"(anonymous_10)","decl":{"start":{"line":84,"column":29},"end":{"line":84,"column":32}},"loc":{"start":{"line":84,"column":35},"end":{"line":84,"column":54}}},"11":{"name":"(anonymous_11)","decl":{"start":{"line":97,"column":63},"end":{"line":97,"column":64}},"loc":{"start":{"line":97,"column":68},"end":{"line":97,"column":79}}}},"branchMap":{"0":{"loc":{"start":{"line":16,"column":4},"end":{"line":19,"column":5}},"type":"if","locations":[{"start":{"line":16,"column":4},"end":{"line":19,"column":5}},{"start":{},"end":{}}]},"1":{"loc":{"start":{"line":24,"column":6},"end":{"line":24,"column":69}},"type":"cond-expr","locations":[{"start":{"line":24,"column":22},"end":{"line":24,"column":63}},{"start":{"line":24,"column":65},"end":{"line":24,"column":69}}]},"2":{"loc":{"start":{"line":45,"column":33},"end":{"line":45,"column":63}},"type":"binary-expr","locations":[{"start":{"line":45,"column":33},"end":{"line":45,"column":50}},{"start":{"line":45,"column":54},"end":{"line":45,"column":63}}]},"3":{"loc":{"start":{"line":60,"column":13},"end":{"line":91,"column":null}},"type":"cond-expr","locations":[{"start":{"line":61,"column":14},"end":{"line":61,"column":92}},{"start":{"line":63,"column":14},"end":{"line":91,"column":16}}]},"4":{"loc":{"start":{"line":78,"column":22},"end":{"line":78,"column":null}},"type":"cond-expr","locations":[{"start":{"line":78,"column":39},"end":{"line":78,"column":67}},{"start":{"line":78,"column":70},"end":{"line":78,"column":null}}]}},"s":{"0":1,"1":1,"2":12,"3":12,"4":12,"5":3,"6":3,"7":3,"8":12,"9":1,"10":1,"11":12,"12":1,"13":1,"14":12,"15":3,"16":0,"17":4,"18":1,"19":1,"20":4},"f":{"0":12,"1":3,"2":1,"3":1,"4":1,"5":1,"6":3,"7":0,"8":4,"9":1,"10":1,"11":4},"b":{"0":[3,0],"1":[1,0],"2":[0,0],"3":[8,4],"4":[1,3]}}
}
