TN:
SF:app\page.tsx
FN:11,Home
FN:15,(anonymous_1)
FN:22,(anonymous_2)
FN:23,(anonymous_3)
FN:28,(anonymous_4)
FN:29,(anonymous_5)
FN:44,(anonymous_6)
FN:45,(anonymous_7)
FN:63,(anonymous_8)
FN:72,(anonymous_9)
FN:84,(anonymous_10)
FN:97,(anonymous_11)
FNF:12
FNH:11
FNDA:12,Home
FNDA:3,(anonymous_1)
FNDA:1,(anonymous_2)
FNDA:1,(anonymous_3)
FNDA:1,(anonymous_4)
FNDA:1,(anonymous_5)
FNDA:3,(anonymous_6)
FNDA:0,(anonymous_7)
FNDA:4,(anonymous_8)
FNDA:1,(anonymous_9)
FNDA:1,(anonymous_10)
FNDA:4,(anonymous_11)
DA:3,1
DA:11,1
DA:12,12
DA:13,12
DA:15,12
DA:16,3
DA:17,3
DA:18,3
DA:22,12
DA:23,1
DA:24,1
DA:28,12
DA:29,1
DA:32,12
DA:44,3
DA:45,0
DA:64,4
DA:72,1
DA:84,1
DA:97,4
LF:20
LH:19
BRDA:16,0,0,3
BRDA:16,0,1,0
BRDA:24,1,0,1
BRDA:24,1,1,0
BRDA:45,2,0,0
BRDA:45,2,1,0
BRDA:60,3,0,8
BRDA:60,3,1,4
BRDA:78,4,0,1
BRDA:78,4,1,3
BRF:10
BRH:6
end_of_record
